<?xml version="1.0" encoding="UTF-8"?>
<testng-results skipped="0" failed="0" total="1" passed="1">
  <reporter-output>
  </reporter-output>
  <suite name="Default suite" duration-ms="1596" started-at="2014-08-08T20:16:32Z" finished-at="2014-08-08T20:16:34Z">
    <groups>
    </groups>
    <test name="Default test" duration-ms="1596" started-at="2014-08-08T20:16:32Z" finished-at="2014-08-08T20:16:34Z">
      <class name="com.owlpad.ui.repository.SearchRepositoryTest">
        <test-method status="PASS" signature="springTestContextBeforeTestClass()[pri:0, instance:com.owlpad.ui.repository.SearchRepositoryTest@22d03fac]" name="springTestContextBeforeTestClass" is-config="true" duration-ms="6" started-at="2014-08-08T16:16:32Z" finished-at="2014-08-08T16:16:32Z">
          <reporter-output>
          </reporter-output>
        </test-method> <!-- springTestContextBeforeTestClass -->
        <test-method status="PASS" signature="springTestContextPrepareTestInstance()[pri:0, instance:com.owlpad.ui.repository.SearchRepositoryTest@22d03fac]" name="springTestContextPrepareTestInstance" is-config="true" duration-ms="1575" started-at="2014-08-08T16:16:32Z" depends-on-methods="org.springframework.test.context.testng.AbstractTestNGSpringContextTests.springTestContextBeforeTestClass" finished-at="2014-08-08T16:16:34Z">
          <reporter-output>
          </reporter-output>
        </test-method> <!-- springTestContextPrepareTestInstance -->
        <test-method status="PASS" signature="springTestContextBeforeTestMethod(java.lang.reflect.Method)[pri:0, instance:com.owlpad.ui.repository.SearchRepositoryTest@22d03fac]" name="springTestContextBeforeTestMethod" is-config="true" duration-ms="1" started-at="2014-08-08T16:16:34Z" finished-at="2014-08-08T16:16:34Z">
          <params>
            <param index="0">
              <value>
                <![CDATA[public void com.owlpad.ui.repository.SearchRepositoryTest.testNonnullSearchService()]]>
              </value>
            </param>
          </params>
          <reporter-output>
          </reporter-output>
        </test-method> <!-- springTestContextBeforeTestMethod -->
        <test-method status="PASS" signature="testNonnullSearchService()[pri:0, instance:com.owlpad.ui.repository.SearchRepositoryTest@22d03fac]" name="testNonnullSearchService" duration-ms="5" started-at="2014-08-08T16:16:34Z" finished-at="2014-08-08T16:16:34Z">
          <reporter-output>
          </reporter-output>
        </test-method> <!-- testNonnullSearchService -->
        <test-method status="PASS" signature="springTestContextAfterTestMethod(java.lang.reflect.Method)[pri:0, instance:com.owlpad.ui.repository.SearchRepositoryTest@22d03fac]" name="springTestContextAfterTestMethod" is-config="true" duration-ms="1" started-at="2014-08-08T16:16:34Z" finished-at="2014-08-08T16:16:34Z">
          <params>
            <param index="0">
              <value>
                <![CDATA[public void com.owlpad.ui.repository.SearchRepositoryTest.testNonnullSearchService()]]>
              </value>
            </param>
          </params>
          <reporter-output>
          </reporter-output>
        </test-method> <!-- springTestContextAfterTestMethod -->
        <test-method status="PASS" signature="springTestContextAfterTestClass()[pri:0, instance:com.owlpad.ui.repository.SearchRepositoryTest@22d03fac]" name="springTestContextAfterTestClass" is-config="true" duration-ms="0" started-at="2014-08-08T16:16:34Z" finished-at="2014-08-08T16:16:34Z">
          <reporter-output>
          </reporter-output>
        </test-method> <!-- springTestContextAfterTestClass -->
      </class> <!-- com.owlpad.ui.repository.SearchRepositoryTest -->
    </test> <!-- Default test -->
  </suite> <!-- Default suite -->
</testng-results>
