<?xml version="1.0" encoding="UTF-8"?>
<testng-results skipped="0" failed="0" total="1" passed="1">
  <reporter-output>
  </reporter-output>
  <suite name="Default suite" duration-ms="3277" started-at="2014-08-08T20:36:08Z" finished-at="2014-08-08T20:36:12Z">
    <groups>
    </groups>
    <test name="Default test" duration-ms="3277" started-at="2014-08-08T20:36:08Z" finished-at="2014-08-08T20:36:12Z">
      <class name="com.owlpad.service.impl.search.SearchServiceImplTest">
        <test-method status="PASS" signature="springTestContextBeforeTestClass()[pri:0, instance:com.owlpad.service.impl.search.SearchServiceImplTest@202b723c]" name="springTestContextBeforeTestClass" is-config="true" duration-ms="6" started-at="2014-08-08T16:36:08Z" finished-at="2014-08-08T16:36:08Z">
          <reporter-output>
          </reporter-output>
        </test-method> <!-- springTestContextBeforeTestClass -->
        <test-method status="PASS" signature="springTestContextPrepareTestInstance()[pri:0, instance:com.owlpad.service.impl.search.SearchServiceImplTest@202b723c]" name="springTestContextPrepareTestInstance" is-config="true" duration-ms="3254" started-at="2014-08-08T16:36:08Z" depends-on-methods="org.springframework.test.context.testng.AbstractTestNGSpringContextTests.springTestContextBeforeTestClass" finished-at="2014-08-08T16:36:12Z">
          <reporter-output>
          </reporter-output>
        </test-method> <!-- springTestContextPrepareTestInstance -->
        <test-method status="PASS" signature="springTestContextBeforeTestMethod(java.lang.reflect.Method)[pri:0, instance:com.owlpad.service.impl.search.SearchServiceImplTest@202b723c]" name="springTestContextBeforeTestMethod" is-config="true" duration-ms="1" started-at="2014-08-08T16:36:12Z" finished-at="2014-08-08T16:36:12Z">
          <params>
            <param index="0">
              <value>
                <![CDATA[public void com.owlpad.service.impl.search.SearchServiceImplTest.testNonnullService()]]>
              </value>
            </param>
          </params>
          <reporter-output>
          </reporter-output>
        </test-method> <!-- springTestContextBeforeTestMethod -->
        <test-method status="PASS" signature="testNonnullService()[pri:0, instance:com.owlpad.service.impl.search.SearchServiceImplTest@202b723c]" name="testNonnullService" duration-ms="6" started-at="2014-08-08T16:36:12Z" finished-at="2014-08-08T16:36:12Z">
          <reporter-output>
          </reporter-output>
        </test-method> <!-- testNonnullService -->
        <test-method status="PASS" signature="springTestContextAfterTestMethod(java.lang.reflect.Method)[pri:0, instance:com.owlpad.service.impl.search.SearchServiceImplTest@202b723c]" name="springTestContextAfterTestMethod" is-config="true" duration-ms="1" started-at="2014-08-08T16:36:12Z" finished-at="2014-08-08T16:36:12Z">
          <params>
            <param index="0">
              <value>
                <![CDATA[public void com.owlpad.service.impl.search.SearchServiceImplTest.testNonnullService()]]>
              </value>
            </param>
          </params>
          <reporter-output>
          </reporter-output>
        </test-method> <!-- springTestContextAfterTestMethod -->
        <test-method status="PASS" signature="springTestContextAfterTestClass()[pri:0, instance:com.owlpad.service.impl.search.SearchServiceImplTest@202b723c]" name="springTestContextAfterTestClass" is-config="true" duration-ms="0" started-at="2014-08-08T16:36:12Z" finished-at="2014-08-08T16:36:12Z">
          <reporter-output>
          </reporter-output>
        </test-method> <!-- springTestContextAfterTestClass -->
      </class> <!-- com.owlpad.service.impl.search.SearchServiceImplTest -->
    </test> <!-- Default test -->
  </suite> <!-- Default suite -->
</testng-results>
